Device: cuda, PyTorch: 2.8.0+cu129
Global seed set to 42; CuDNN deterministic enabled.


Loading tcga_rnaseq (TCGA pan-cancer RNA-seq (Weinstein et al., 2013))...
09:54:40 [INFO] 
########################################################################
09:54:40 [INFO] # tcga_rnaseq: TCGA pan-cancer RNA-seq (Weinstein et al., 2013)
09:54:40 [INFO] # Samples: 10051, Features: 5000, Classes: 26
09:54:40 [INFO] #   Acute Myeloid Leukemia: 173
09:54:40 [INFO] #   Bladder Urothelial Carcinoma: 426
09:54:40 [INFO] #   Brain Lower Grade Glioma: 523
09:54:40 [INFO] #   Breast Invasive Carcinoma: 1212
09:54:40 [INFO] #   Cervical & Endocervical Cancer: 309
09:54:40 [INFO] #   Colon Adenocarcinoma: 331
09:54:40 [INFO] #   Esophageal Carcinoma: 195
09:54:40 [INFO] #   Glioblastoma Multiforme: 171
09:54:40 [INFO] #   Head & Neck Squamous Cell Carcinoma: 564
09:54:40 [INFO] #   Kidney Clear Cell Carcinoma: 603
09:54:40 [INFO] #   Kidney Papillary Cell Carcinoma: 321
09:54:40 [INFO] #   Liver Hepatocellular Carcinoma: 421
09:54:40 [INFO] #   Lung Adenocarcinoma: 574
09:54:40 [INFO] #   Lung Squamous Cell Carcinoma: 548
09:54:40 [INFO] #   Ovarian Serous Cystadenocarcinoma: 427
09:54:40 [INFO] #   Pancreatic Adenocarcinoma: 183
09:54:40 [INFO] #   Pheochromocytoma & Paraganglioma: 185
09:54:40 [INFO] #   Prostate Adenocarcinoma: 548
09:54:40 [INFO] #   Rectum Adenocarcinoma: 103
09:54:40 [INFO] #   Sarcoma: 264
09:54:40 [INFO] #   Skin Cutaneous Melanoma: 470
09:54:40 [INFO] #   Stomach Adenocarcinoma: 450
09:54:40 [INFO] #   Testicular Germ Cell Tumor: 154
09:54:40 [INFO] #   Thymoma: 121
09:54:40 [INFO] #   Thyroid Carcinoma: 571
09:54:40 [INFO] #   Uterine Corpus Endometrioid Carcinoma: 204
09:54:40 [INFO] # BIR params: p<1e-06, sparse<0.05, max_birs=5000
09:54:40 [INFO] ########################################################################
09:54:40 [INFO] Selecting top 2000 features by F-test...
09:54:40 [INFO] Reduced to 2000 features
09:54:40 [INFO] 
--- Global BIR Discovery Overview ---
  BIR discovery: 2000 features, 1999000 pairs, 23 workers
  200/1999 features processed, 38969 BIRs
  400/1999 features processed, 71077 BIRs
  600/1999 features processed, 99495 BIRs
  800/1999 features processed, 120842 BIRs
  1000/1999 features processed, 137936 BIRs
  1200/1999 features processed, 151499 BIRs
  1400/1999 features processed, 165057 BIRs
  1600/1999 features processed, 172751 BIRs
  1800/1999 features processed, 177420 BIRs
Found 179109 BIRs (2000 features)
  High->High: 66800
  Low->Low: 53090
  High->Low: 50115
  Low->High: 8632
  Equivalent: 468
  Opposite: 4
  Capped at 10000 strongest BIRs by p-value
09:57:16 [INFO] Top 8 strongest primary BIRs (by p-value):
09:57:16 [INFO]   p=0.00e+00                RPS4Y1 --[High->High]--> EIF1AY
09:57:16 [INFO]   p=0.00e+00                RPS4Y1 --[  Low->Low]--> EIF1AY
09:57:16 [INFO]   p=0.00e+00                RPS4Y1 --[High->High]--> DDX3Y
09:57:16 [INFO]   p=0.00e+00                RPS4Y1 --[  Low->Low]--> DDX3Y
09:57:16 [INFO]   p=0.00e+00                RPS4Y1 --[High->High]--> TXLNGY
09:57:16 [INFO]   p=0.00e+00                RPS4Y1 --[  Low->Low]--> TXLNGY
09:57:16 [INFO]   p=0.00e+00                RPS4Y1 --[High->High]--> KDM5D
09:57:16 [INFO]   p=0.00e+00                RPS4Y1 --[  Low->Low]--> KDM5D
09:57:16 [INFO] 
--- 5-Fold Cross-Validation ---
09:57:16 [INFO]   [fold 1] discovering BIRs on training set...
10:03:55 [INFO]   [fold 1] BIRDNet built: 10000 units, training...
10:04:23 [INFO] Epoch  10/200 | Train: 0.8292 | Val: 0.4777 | Acc: 0.8308 | F1: 0.7227
10:04:51 [INFO] Epoch  20/200 | Train: 0.6322 | Val: 0.3306 | Acc: 0.8881 | F1: 0.8039
10:05:19 [INFO] Epoch  30/200 | Train: 0.5659 | Val: 0.3016 | Acc: 0.9005 | F1: 0.8338
10:05:47 [INFO] Epoch  40/200 | Train: 0.5255 | Val: 0.2845 | Acc: 0.9030 | F1: 0.8469
10:06:15 [INFO] Epoch  50/200 | Train: 0.4855 | Val: 0.2800 | Acc: 0.9055 | F1: 0.8435
10:06:43 [INFO] Epoch  60/200 | Train: 0.4723 | Val: 0.2499 | Acc: 0.9163 | F1: 0.8635
10:07:10 [INFO] Epoch  70/200 | Train: 0.4495 | Val: 0.2459 | Acc: 0.9204 | F1: 0.8710
10:07:38 [INFO] Epoch  80/200 | Train: 0.4229 | Val: 0.2439 | Acc: 0.9196 | F1: 0.8726
10:08:06 [INFO] Epoch  90/200 | Train: 0.4206 | Val: 0.2484 | Acc: 0.9287 | F1: 0.8822
10:08:34 [INFO] Epoch 100/200 | Train: 0.3967 | Val: 0.2328 | Acc: 0.9312 | F1: 0.8908
10:09:02 [INFO] Epoch 110/200 | Train: 0.4040 | Val: 0.2241 | Acc: 0.9312 | F1: 0.8897
10:09:29 [INFO] Epoch 120/200 | Train: 0.3664 | Val: 0.2417 | Acc: 0.9262 | F1: 0.8795
10:09:57 [INFO] Epoch 130/200 | Train: 0.3776 | Val: 0.2354 | Acc: 0.9254 | F1: 0.8797
10:09:57 [INFO] Early stopping at epoch 130
10:40:26 [INFO]   Fold 1: BIRDNet 0.926 (10000 units, build 398.9s + train 362.4s) | MLP 0.953 (62.5s) | LR 0.971 (1764.3s) | RF 0.948 (1.1s) | total 2590.0s
10:40:26 [INFO]   [fold 2] discovering BIRs on training set...
10:46:51 [INFO]   [fold 2] BIRDNet built: 10000 units, training...
10:47:19 [INFO] Epoch  10/200 | Train: 0.8499 | Val: 0.5268 | Acc: 0.8210 | F1: 0.7121
10:47:47 [INFO] Epoch  20/200 | Train: 0.6829 | Val: 0.3971 | Acc: 0.8575 | F1: 0.7678
10:48:15 [INFO] Epoch  30/200 | Train: 0.6371 | Val: 0.3338 | Acc: 0.8807 | F1: 0.7987
10:48:43 [INFO] Epoch  40/200 | Train: 0.5576 | Val: 0.3037 | Acc: 0.8981 | F1: 0.8388
10:49:11 [INFO] Epoch  50/200 | Train: 0.5406 | Val: 0.3010 | Acc: 0.9031 | F1: 0.8429
10:49:38 [INFO] Epoch  60/200 | Train: 0.5266 | Val: 0.3031 | Acc: 0.8998 | F1: 0.8428
10:50:06 [INFO] Epoch  70/200 | Train: 0.4919 | Val: 0.2912 | Acc: 0.9022 | F1: 0.8424
10:50:34 [INFO] Epoch  80/200 | Train: 0.4921 | Val: 0.2751 | Acc: 0.9022 | F1: 0.8410
10:51:02 [INFO] Epoch  90/200 | Train: 0.4480 | Val: 0.2665 | Acc: 0.9097 | F1: 0.8554
10:51:29 [INFO] Epoch 100/200 | Train: 0.4347 | Val: 0.2688 | Acc: 0.9130 | F1: 0.8566
10:51:57 [INFO] Epoch 110/200 | Train: 0.4273 | Val: 0.2583 | Acc: 0.9205 | F1: 0.8710
10:52:25 [INFO] Epoch 120/200 | Train: 0.4086 | Val: 0.2815 | Acc: 0.9097 | F1: 0.8532
10:52:53 [INFO] Epoch 130/200 | Train: 0.4095 | Val: 0.2719 | Acc: 0.9097 | F1: 0.8525
10:52:53 [INFO] Early stopping at epoch 130
11:20:48 [INFO]   Fold 2: BIRDNet 0.919 (10000 units, build 385.3s + train 361.8s) | MLP 0.951 (56.0s) | LR 0.971 (1617.3s) | RF 0.955 (1.1s) | total 2422.1s
11:20:48 [INFO]   [fold 3] discovering BIRs on training set...
11:27:15 [INFO]   [fold 3] BIRDNet built: 10000 units, training...
11:27:43 [INFO] Epoch  10/200 | Train: 0.8263 | Val: 0.4919 | Acc: 0.8285 | F1: 0.7231
11:28:11 [INFO] Epoch  20/200 | Train: 0.6609 | Val: 0.3723 | Acc: 0.8724 | F1: 0.7889
11:28:39 [INFO] Epoch  30/200 | Train: 0.6000 | Val: 0.3304 | Acc: 0.8815 | F1: 0.8026
11:29:07 [INFO] Epoch  40/200 | Train: 0.5474 | Val: 0.3128 | Acc: 0.8931 | F1: 0.8388
11:29:34 [INFO] Epoch  50/200 | Train: 0.5238 | Val: 0.2962 | Acc: 0.9014 | F1: 0.8407
11:30:02 [INFO] Epoch  60/200 | Train: 0.5087 | Val: 0.2833 | Acc: 0.8989 | F1: 0.8417
11:30:30 [INFO] Epoch  70/200 | Train: 0.4740 | Val: 0.2906 | Acc: 0.9014 | F1: 0.8350
11:30:58 [INFO] Epoch  80/200 | Train: 0.4773 | Val: 0.2746 | Acc: 0.9064 | F1: 0.8507
11:31:26 [INFO] Epoch  90/200 | Train: 0.4428 | Val: 0.2825 | Acc: 0.9080 | F1: 0.8463
11:31:53 [INFO] Epoch 100/200 | Train: 0.4295 | Val: 0.2752 | Acc: 0.9105 | F1: 0.8586
11:32:15 [INFO] Early stopping at epoch 108
12:25:52 [INFO]   Fold 3: BIRDNet 0.913 (10000 units, build 386.8s + train 300.8s) | MLP 0.952 (51.9s) | LR 0.969 (3163.3s) | RF 0.940 (1.1s) | total 3904.6s
12:25:52 [INFO]   [fold 4] discovering BIRs on training set...
12:32:22 [INFO]   [fold 4] BIRDNet built: 10000 units, training...
12:32:50 [INFO] Epoch  10/200 | Train: 0.8828 | Val: 0.5705 | Acc: 0.8003 | F1: 0.6845
12:33:18 [INFO] Epoch  20/200 | Train: 0.7128 | Val: 0.4327 | Acc: 0.8442 | F1: 0.7556
12:33:46 [INFO] Epoch  30/200 | Train: 0.6391 | Val: 0.3799 | Acc: 0.8633 | F1: 0.7930
12:34:14 [INFO] Epoch  40/200 | Train: 0.5948 | Val: 0.3467 | Acc: 0.8857 | F1: 0.8187
12:34:42 [INFO] Epoch  50/200 | Train: 0.5685 | Val: 0.3340 | Acc: 0.8857 | F1: 0.8213
12:35:09 [INFO] Epoch  60/200 | Train: 0.5473 | Val: 0.3168 | Acc: 0.8906 | F1: 0.8289
12:35:37 [INFO] Epoch  70/200 | Train: 0.5183 | Val: 0.3170 | Acc: 0.8940 | F1: 0.8345
12:36:05 [INFO] Epoch  80/200 | Train: 0.4965 | Val: 0.3089 | Acc: 0.9064 | F1: 0.8504
12:36:33 [INFO] Epoch  90/200 | Train: 0.4887 | Val: 0.3176 | Acc: 0.9039 | F1: 0.8420
12:37:00 [INFO] Epoch 100/200 | Train: 0.4664 | Val: 0.2954 | Acc: 0.9022 | F1: 0.8503
12:37:28 [INFO] Epoch 110/200 | Train: 0.4762 | Val: 0.2912 | Acc: 0.9080 | F1: 0.8536
12:37:56 [INFO] Epoch 120/200 | Train: 0.4618 | Val: 0.2954 | Acc: 0.9031 | F1: 0.8485
12:38:24 [INFO] Epoch 130/200 | Train: 0.4395 | Val: 0.2971 | Acc: 0.9039 | F1: 0.8472
12:38:49 [INFO] Early stopping at epoch 139
13:07:36 [INFO]   Fold 4: BIRDNet 0.900 (10000 units, build 389.7s + train 386.6s) | MLP 0.948 (53.4s) | LR 0.964 (1671.9s) | RF 0.938 (1.1s) | total 2503.3s
13:07:36 [INFO]   [fold 5] discovering BIRs on training set...
13:14:01 [INFO]   [fold 5] BIRDNet built: 10000 units, training...
13:14:29 [INFO] Epoch  10/200 | Train: 0.8566 | Val: 0.5410 | Acc: 0.8136 | F1: 0.6966
13:14:57 [INFO] Epoch  20/200 | Train: 0.6858 | Val: 0.3820 | Acc: 0.8658 | F1: 0.7884
13:15:25 [INFO] Epoch  30/200 | Train: 0.6308 | Val: 0.3347 | Acc: 0.8890 | F1: 0.8271
13:15:53 [INFO] Epoch  40/200 | Train: 0.5641 | Val: 0.2975 | Acc: 0.9047 | F1: 0.8529
13:16:20 [INFO] Epoch  50/200 | Train: 0.5179 | Val: 0.2830 | Acc: 0.9072 | F1: 0.8556
13:16:48 [INFO] Epoch  60/200 | Train: 0.5074 | Val: 0.2830 | Acc: 0.9089 | F1: 0.8551
13:17:16 [INFO] Epoch  70/200 | Train: 0.4993 | Val: 0.2761 | Acc: 0.9130 | F1: 0.8588
13:17:44 [INFO] Epoch  80/200 | Train: 0.5073 | Val: 0.2662 | Acc: 0.9097 | F1: 0.8535
13:18:11 [INFO] Epoch  90/200 | Train: 0.4864 | Val: 0.2645 | Acc: 0.9155 | F1: 0.8659
13:18:39 [INFO] Epoch 100/200 | Train: 0.4678 | Val: 0.2581 | Acc: 0.9147 | F1: 0.8646
13:18:45 [INFO] Early stopping at epoch 102
13:46:47 [INFO]   Fold 5: BIRDNet 0.917 (10000 units, build 384.8s + train 284.2s) | MLP 0.947 (51.5s) | LR 0.970 (1629.1s) | RF 0.943 (1.1s) | total 2351.4s
13:46:47 [INFO] 
========================================================================
13:46:47 [INFO] RESULTS: tcga_rnaseq: TCGA pan-cancer RNA-seq (Weinstein et al., 2013)
13:46:47 [INFO] ========================================================================
13:46:47 [INFO] Method                  Accuracy       F1 (macro)            AUROC     Time (s)
13:46:47 [INFO] ------------------------------------------------------------------------
13:46:47 [INFO] BIRDNet         0.9151 +/- 0.0084 0.8668 +/- 0.0150 0.9964 +/- 0.0004        728.3
13:46:47 [INFO] MLP             0.9503 +/- 0.0023 0.9166 +/- 0.0096 0.9985 +/- 0.0003         55.1
13:46:47 [INFO] LogReg_L1       0.9690 +/- 0.0025 0.9532 +/- 0.0039 0.9995 +/- 0.0001       1969.2
13:46:47 [INFO] RandomForest    0.9447 +/- 0.0060 0.9064 +/- 0.0067 0.9981 +/- 0.0005          1.1
13:46:47 [INFO] 
BIRDNet timing breakdown (mean over folds):
13:46:47 [INFO]          binarize: 307.88s (min 306.45, max 311.69)
13:46:47 [INFO]     bir_discovery: 70.86s (min 67.82, max 76.79)
13:46:47 [INFO]            select: 5.96s (min 5.88, max 6.07)
13:46:47 [INFO]           forward: 0.13s (min 0.10, max 0.24)
13:46:47 [INFO]       build_total: 389.11s (min 384.82, max 398.90)
13:46:47 [INFO]             train: 339.17s (min 284.21, max 386.56)
13:46:47 [INFO]         BIR units: mean 10000, range 10000-10000
13:46:47 [INFO] 
Parameter counts (mean over folds):
13:46:47 [INFO]        BIRDNet active (BIR layers): 30,000
13:46:47 [INFO]       BIRDNet nominal (BIR layers): 35,010,000
13:46:47 [INFO]            Classifier head (dense): 341,754
13:46:47 [INFO]               BIRDNet total active: 371,754
13:46:47 [INFO]              BIRDNet total nominal: 35,351,754
13:46:47 [INFO]                   MatchedMLP total: 35,351,754
13:46:47 [INFO]                 BIR-layer sparsity: 0.9991 (0.09% active)
13:46:47 [INFO]                     Total sparsity: 0.9895 (1.05% active)
13:46:47 [INFO]                  MLP/BIRDNet ratio: 95.1x
13:46:47 [INFO] 
--- Final Model for Explainability (80/20 split, seed=42) ---
13:46:47 [INFO]   [fold final] discovering BIRs on training set...
13:54:40 [INFO]   [fold final] BIRDNet built: 10000 units, training...
13:55:14 [INFO] Epoch  10/200 | Train: 0.7030 | Val: 0.4675 | Acc: 0.8404 | F1: 0.7498
13:55:47 [INFO] Epoch  20/200 | Train: 0.5604 | Val: 0.3581 | Acc: 0.8812 | F1: 0.8215
13:56:20 [INFO] Epoch  30/200 | Train: 0.5070 | Val: 0.3224 | Acc: 0.8911 | F1: 0.8325
13:56:53 [INFO] Epoch  40/200 | Train: 0.4812 | Val: 0.3125 | Acc: 0.8981 | F1: 0.8432
13:57:26 [INFO] Epoch  50/200 | Train: 0.4389 | Val: 0.3127 | Acc: 0.8991 | F1: 0.8519
13:57:59 [INFO] Epoch  60/200 | Train: 0.4254 | Val: 0.3015 | Acc: 0.9055 | F1: 0.8548
13:58:32 [INFO] Epoch  70/200 | Train: 0.4069 | Val: 0.3024 | Acc: 0.9010 | F1: 0.8456
13:59:05 [INFO] Epoch  80/200 | Train: 0.4060 | Val: 0.2757 | Acc: 0.9085 | F1: 0.8615
13:59:38 [INFO] Epoch  90/200 | Train: 0.3869 | Val: 0.2906 | Acc: 0.9100 | F1: 0.8626
14:00:11 [INFO] Epoch 100/200 | Train: 0.3848 | Val: 0.2738 | Acc: 0.9160 | F1: 0.8736
14:00:44 [INFO] Epoch 110/200 | Train: 0.3615 | Val: 0.2672 | Acc: 0.9155 | F1: 0.8708
14:01:17 [INFO] Epoch 120/200 | Train: 0.3594 | Val: 0.2631 | Acc: 0.9150 | F1: 0.8716
14:01:50 [INFO] Epoch 130/200 | Train: 0.3423 | Val: 0.2778 | Acc: 0.9130 | F1: 0.8661
14:02:23 [INFO] Epoch 140/200 | Train: 0.3374 | Val: 0.2638 | Acc: 0.9184 | F1: 0.8742
14:02:46 [INFO] Early stopping at epoch 147
14:02:46 [INFO]   Final model: Acc=0.9189, F1=0.8735
14:02:47 [INFO] 
--- Per-Class Decision Rules (DRM-style propositionalisation) ---
14:04:33 [INFO] 
Class: Acute Myeloid Leukemia
------------------------------------------------------------
  R1. IF BIR_Low->Low(AP1M2, FAM3D) fires
        THEN class=Acute Myeloid Leukemia  (precision=0.189, recall=0.657, lift=10.83, support=0.061)
  R2. IF BIR_Low->Low(OVOL2, LAMC2) fires
        THEN class=Acute Myeloid Leukemia  (precision=0.166, recall=0.943, lift=9.53, support=0.099)
  R3. IF BIR_Low->Low(KRT19, RP11-734K21.5) fires
        THEN class=Acute Myeloid Leukemia  (precision=0.166, recall=0.943, lift=9.53, support=0.099)
  R4. IF BIR_Low->Low(KRT19, RNF223) fires
        THEN class=Acute Myeloid Leukemia  (precision=0.162, recall=0.943, lift=9.29, support=0.101)
  R5. IF BIR_Low->Low(LAD1, RNF223) fires
        THEN class=Acute Myeloid Leukemia  (precision=0.155, recall=1.000, lift=8.90, support=0.112)

Class: Bladder Urothelial Carcinoma
------------------------------------------------------------
  R1. IF BIR_High->High(KRT17, PVRL4) fires
        THEN class=Bladder Urothelial Carcinoma  (precision=0.280, recall=0.388, lift=6.62, support=0.059)
  R2. IF BIR_Low->Low(SPRR1A, SPRR2A) fires
        THEN class=Bladder Urothelial Carcinoma  (precision=0.234, recall=0.600, lift=5.53, support=0.108)
  R3. IF BIR_High->High(SMIM22, SFN) fires
        THEN class=Bladder Urothelial Carcinoma  (precision=0.214, recall=0.482, lift=5.05, support=0.095)
  R4. IF BIR_High->High(TMEM40, SFN) fires
        THEN class=Bladder Urothelial Carcinoma  (precision=0.188, recall=0.882, lift=4.46, support=0.198)
  R5. IF BIR_High->High(KRT16, SYT8) fires
        THEN class=Bladder Urothelial Carcinoma  (precision=0.185, recall=0.518, lift=4.37, support=0.118)

Class: Brain Lower Grade Glioma
------------------------------------------------------------
  R1. IF BIR_Low->Low(RP11-465B22.8, SLC44A4) fires
        THEN class=Brain Lower Grade Glioma  (precision=0.491, recall=0.524, lift=9.41, support=0.056)
  R2. IF BIR_High->High(HEPN1, HEPACAM) fires
        THEN class=Brain Lower Grade Glioma  (precision=0.479, recall=1.000, lift=9.18, support=0.109)
  R3. IF BIR_Low->Low(LAD1, RNF223) fires
        THEN class=Brain Lower Grade Glioma  (precision=0.416, recall=0.895, lift=7.97, support=0.112)
  R4. IF BIR_Low->Low(IGKV3-15, IGHV3-23) fires
        THEN class=Brain Lower Grade Glioma  (precision=0.388, recall=0.829, lift=7.44, support=0.111)
  R5. IF BIR_Low->Low(IGKV3-15, IGLV1-40) fires
        THEN class=Brain Lower Grade Glioma  (precision=0.386, recall=0.819, lift=7.39, support=0.111)

Class: Breast Invasive Carcinoma
------------------------------------------------------------
  R1. IF BIR_High->High(FOXA1, SFN) fires
        THEN class=Breast Invasive Carcinoma  (precision=0.370, recall=0.839, lift=3.08, support=0.273)
  R2. IF BIR_Low->Low(RPS4Y1, TBL1Y) fires
        THEN class=Breast Invasive Carcinoma  (precision=0.365, recall=0.789, lift=3.03, support=0.261)
  R3. IF BIR_Low->Low(RPS4Y1, RP11-115H13.1) fires
        THEN class=Breast Invasive Carcinoma  (precision=0.365, recall=0.789, lift=3.03, support=0.261)
  R4. IF BIR_High->High(TRIM29, PVRL4) fires
        THEN class=Breast Invasive Carcinoma  (precision=0.362, recall=0.574, lift=3.01, support=0.191)
  R5. IF BIR_High->High(RAB25, OVOL2) fires
        THEN class=Breast Invasive Carcinoma  (precision=0.359, recall=0.645, lift=2.99, support=0.216)

Class: Cervical & Endocervical Cancer
------------------------------------------------------------
  R1. IF BIR_High->High(KRT17, PVRL4) fires
        THEN class=Cervical & Endocervical Cancer  (precision=0.229, recall=0.435, lift=7.42, support=0.059)
  R2. IF BIR_High->High(SMIM22, SFN) fires
        THEN class=Cervical & Endocervical Cancer  (precision=0.214, recall=0.661, lift=6.93, support=0.095)
  R3. IF BIR_High->High(FAM83E, SFN) fires
        THEN class=Cervical & Endocervical Cancer  (precision=0.168, recall=0.774, lift=5.44, support=0.142)
  R4. IF BIR_High->High(KRT15, SFN) fires
        THEN class=Cervical & Endocervical Cancer  (precision=0.167, recall=0.758, lift=5.41, support=0.140)
  R5. IF BIR_High->High(KRT17, TACSTD2) fires
        THEN class=Cervical & Endocervical Cancer  (precision=0.158, recall=0.694, lift=5.11, support=0.136)

Class: Colon Adenocarcinoma
------------------------------------------------------------
  R1. IF BIR_High->High(CEACAM5, CEACAM6) fires
        THEN class=Colon Adenocarcinoma  (precision=0.233, recall=0.530, lift=7.11, support=0.075)
  R2. IF BIR_High->High(AGR2, EPCAM) fires
        THEN class=Colon Adenocarcinoma  (precision=0.218, recall=0.818, lift=6.63, support=0.123)
  R3. IF BIR_High->High(CEACAM7, GRHL2) fires
        THEN class=Colon Adenocarcinoma  (precision=0.216, recall=0.818, lift=6.58, support=0.124)
  R4. IF BIR_High->High(CEACAM5, OVOL2) fires
        THEN class=Colon Adenocarcinoma  (precision=0.209, recall=0.985, lift=6.37, support=0.155)
  R5. IF BIR_High->High(LGALS4, RP11-595B24.2) fires
        THEN class=Colon Adenocarcinoma  (precision=0.191, recall=0.985, lift=5.81, support=0.170)

Class: Esophageal Carcinoma
------------------------------------------------------------
  R1. IF BIR_High->High(MIR3648-1, MIR3648-2) fires
        THEN class=Esophageal Carcinoma  (precision=0.128, recall=0.974, lift=6.62, support=0.147)
  R2. IF BIR_High->High(SERPINB5, RP3-523K23.2) fires
        THEN class=Esophageal Carcinoma  (precision=0.101, recall=0.590, lift=5.22, support=0.113)
  R3. IF BIR_High->High(AGR2, RP11-27G14.4) fires
        THEN class=Esophageal Carcinoma  (precision=0.099, recall=0.462, lift=5.10, support=0.091)
  R4. IF BIR_High->High(OVOL2, C6orf132) fires
        THEN class=Esophageal Carcinoma  (precision=0.090, recall=0.692, lift=4.66, support=0.149)
  R5. IF BIR_High->High(PRSS22, PKP3) fires
        THEN class=Esophageal Carcinoma  (precision=0.087, recall=0.641, lift=4.51, support=0.142)

Class: Glioblastoma Multiforme
------------------------------------------------------------
  R1. IF BIR_High->High(HEPN1, HEPACAM) fires
        THEN class=Glioblastoma Multiforme  (precision=0.155, recall=1.000, lift=9.18, support=0.109)
  R2. IF BIR_Low->Low(LAD1, RNF223) fires
        THEN class=Glioblastoma Multiforme  (precision=0.137, recall=0.912, lift=8.11, support=0.112)
  R3. IF BIR_Low->Low(KRT19, RP11-734K21.5) fires
        THEN class=Glioblastoma Multiforme  (precision=0.116, recall=0.676, lift=6.84, support=0.099)
  R4. IF BIR_Low->Low(LAD1, KRT7) fires
        THEN class=Glioblastoma Multiforme  (precision=0.109, recall=1.000, lift=6.45, support=0.155)
  R5. IF BIR_Low->Low(PRR15L, FAM3B) fires
        THEN class=Glioblastoma Multiforme  (precision=0.108, recall=0.618, lift=6.40, support=0.096)

Class: Head & Neck Squamous Cell Carcinoma
------------------------------------------------------------
  R1. IF BIR_High->High(DSG3, SFN) fires
        THEN class=Head & Neck Squamous Cell Carcinoma  (precision=0.393, recall=0.956, lift=6.99, support=0.137)
  R2. IF BIR_High->High(KRT15, SFN) fires
        THEN class=Head & Neck Squamous Cell Carcinoma  (precision=0.383, recall=0.956, lift=6.82, support=0.140)
  R3. IF BIR_High->High(SERPINB5, RP3-523K23.2) fires
        THEN class=Head & Neck Squamous Cell Carcinoma  (precision=0.379, recall=0.761, lift=6.74, support=0.113)
  R4. IF BIR_High->High(SPRR2E, KRT6C) fires
        THEN class=Head & Neck Squamous Cell Carcinoma  (precision=0.360, recall=0.991, lift=6.41, support=0.155)
  R5. IF BIR_High->High(SPRR2E, KRT16) fires
        THEN class=Head & Neck Squamous Cell Carcinoma  (precision=0.358, recall=0.973, lift=6.38, support=0.153)

Class: Kidney Clear Cell Carcinoma
------------------------------------------------------------
  R1. IF BIR_High->High(ACSM2A, SLC28A1) fires
        THEN class=Kidney Clear Cell Carcinoma  (precision=0.448, recall=0.934, lift=7.45, support=0.125)
  R2. IF BIR_High->High(ACSM2B, BHMT) fires
        THEN class=Kidney Clear Cell Carcinoma  (precision=0.448, recall=0.967, lift=7.45, support=0.130)
  R3. IF BIR_High->High(ACSM2A, BHMT) fires
        THEN class=Kidney Clear Cell Carcinoma  (precision=0.447, recall=0.967, lift=7.42, support=0.130)
  R4. IF BIR_High->High(ACSM2B, UGT1A9) fires
        THEN class=Kidney Clear Cell Carcinoma  (precision=0.446, recall=0.926, lift=7.42, support=0.125)
  R5. IF BIR_High->High(ACSM2A, UGT1A9) fires
        THEN class=Kidney Clear Cell Carcinoma  (precision=0.446, recall=0.926, lift=7.42, support=0.125)

Class: Kidney Papillary Cell Carcinoma
------------------------------------------------------------
  R1. IF BIR_High->High(GRHL2, C1orf210) fires
        THEN class=Kidney Papillary Cell Carcinoma  (precision=0.251, recall=0.750, lift=7.90, support=0.095)
  R2. IF BIR_High->High(FXYD2, RP11-728F11.3) fires
        THEN class=Kidney Papillary Cell Carcinoma  (precision=0.240, recall=0.984, lift=7.53, support=0.131)
  R3. IF BIR_High->High(PKP3, CLDN4) fires
        THEN class=Kidney Papillary Cell Carcinoma  (precision=0.237, recall=0.781, lift=7.45, support=0.105)
  R4. IF BIR_High->High(SLC17A1, ACMSD) fires
        THEN class=Kidney Papillary Cell Carcinoma  (precision=0.237, recall=0.984, lift=7.44, support=0.132)
  R5. IF BIR_High->High(ACSM2A, ACMSD) fires
        THEN class=Kidney Papillary Cell Carcinoma  (precision=0.237, recall=0.969, lift=7.44, support=0.130)

Class: Liver Hepatocellular Carcinoma
------------------------------------------------------------
  R1. IF BIR_High->High(CYP4A11, CYP4A22) fires
        THEN class=Liver Hepatocellular Carcinoma  (precision=0.390, recall=0.976, lift=9.35, support=0.104)
  R2. IF BIR_High->High(RAB25, LAD1) fires
        THEN class=Liver Hepatocellular Carcinoma  (precision=0.337, recall=0.690, lift=8.07, support=0.086)
  R3. IF BIR_High->High(ACSM2A, PKLR) fires
        THEN class=Liver Hepatocellular Carcinoma  (precision=0.336, recall=0.988, lift=8.04, support=0.123)
  R4. IF BIR_High->High(ACSM2B, UGT1A9) fires
        THEN class=Liver Hepatocellular Carcinoma  (precision=0.331, recall=0.988, lift=7.92, support=0.125)
  R5. IF BIR_High->High(ACSM2A, SLC17A2) fires
        THEN class=Liver Hepatocellular Carcinoma  (precision=0.329, recall=0.988, lift=7.89, support=0.125)

Class: Lung Adenocarcinoma
------------------------------------------------------------
  R1. IF BIR_High->High(SFTPA1, SFTPA2) fires
        THEN class=Lung Adenocarcinoma  (precision=0.407, recall=0.896, lift=7.12, support=0.126)
  R2. IF BIR_High->High(SFTA3, RP11-896J10.3) fires
        THEN class=Lung Adenocarcinoma  (precision=0.344, recall=0.939, lift=6.01, support=0.156)
  R3. IF BIR_High->High(SFTPB, NKX2-1-AS1) fires
        THEN class=Lung Adenocarcinoma  (precision=0.339, recall=0.939, lift=5.92, support=0.159)
  R4. IF BIR_High->High(SFTPB, SFTA3) fires
        THEN class=Lung Adenocarcinoma  (precision=0.339, recall=0.948, lift=5.92, support=0.160)
  R5. IF BIR_High->High(SFTPB, NKX2-1) fires
        THEN class=Lung Adenocarcinoma  (precision=0.331, recall=0.939, lift=5.79, support=0.162)

Class: Lung Squamous Cell Carcinoma
------------------------------------------------------------
  R1. IF BIR_High->High(SFTPA1, SFTPA2) fires
        THEN class=Lung Squamous Cell Carcinoma  (precision=0.352, recall=0.809, lift=6.43, support=0.126)
  R2. IF BIR_High->High(SFTPB, SFTA3) fires
        THEN class=Lung Squamous Cell Carcinoma  (precision=0.267, recall=0.782, lift=4.88, support=0.160)
  R3. IF BIR_High->High(SFTPB, NKX2-1) fires
        THEN class=Lung Squamous Cell Carcinoma  (precision=0.264, recall=0.782, lift=4.82, support=0.162)
  R4. IF BIR_High->High(DSG3, SFN) fires
        THEN class=Lung Squamous Cell Carcinoma  (precision=0.262, recall=0.655, lift=4.79, support=0.137)
  R5. IF BIR_High->High(SFTA3, AMY1C) fires
        THEN class=Lung Squamous Cell Carcinoma  (precision=0.260, recall=0.800, lift=4.76, support=0.168)

Class: Ovarian Serous Cystadenocarcinoma
------------------------------------------------------------
  R1. IF BIR_High->High(MIR3648-1, MIR3648-2) fires
        THEN class=Ovarian Serous Cystadenocarcinoma  (precision=0.287, recall=1.000, lift=6.79, support=0.147)
  R2. IF BIR_High->High(AGR2, GRB7) fires
        THEN class=Ovarian Serous Cystadenocarcinoma  (precision=0.176, recall=0.918, lift=4.17, support=0.220)
  R3. IF BIR_High->High(GRHL2, GRB7) fires
        THEN class=Ovarian Serous Cystadenocarcinoma  (precision=0.167, recall=0.835, lift=3.96, support=0.211)
  R4. IF BIR_High->High(IVL, FAM83A) fires
        THEN class=Ovarian Serous Cystadenocarcinoma  (precision=0.166, recall=0.906, lift=3.92, support=0.231)
  R5. IF BIR_Low->Low(RPS4Y1, RP11-115H13.1) fires
        THEN class=Ovarian Serous Cystadenocarcinoma  (precision=0.162, recall=1.000, lift=3.84, support=0.261)

Class: Pancreatic Adenocarcinoma
------------------------------------------------------------
  R1. IF BIR_High->High(CEACAM5, CEACAM6) fires
        THEN class=Pancreatic Adenocarcinoma  (precision=0.120, recall=0.486, lift=6.52, support=0.075)
  R2. IF BIR_High->High(FXYD2, RP11-728F11.3) fires
        THEN class=Pancreatic Adenocarcinoma  (precision=0.099, recall=0.703, lift=5.37, support=0.131)
  R3. IF BIR_High->High(RNF223, ELF3) fires
        THEN class=Pancreatic Adenocarcinoma  (precision=0.098, recall=0.297, lift=5.34, support=0.056)
  R4. IF BIR_High->High(KRT16, SYT8) fires
        THEN class=Pancreatic Adenocarcinoma  (precision=0.097, recall=0.622, lift=5.25, support=0.118)
  R5. IF BIR_High->High(PRSS22, ESRP1) fires
        THEN class=Pancreatic Adenocarcinoma  (precision=0.095, recall=0.865, lift=5.15, support=0.168)

Class: Pheochromocytoma & Paraganglioma
------------------------------------------------------------
  R1. IF BIR_Low->Low(AP1M2, FAM3D) fires
        THEN class=Pheochromocytoma & Paraganglioma  (precision=0.164, recall=0.541, lift=8.91, support=0.061)
  R2. IF BIR_Low->Low(CLDN4, ITGB6) fires
        THEN class=Pheochromocytoma & Paraganglioma  (precision=0.144, recall=0.486, lift=7.83, support=0.062)
  R3. IF BIR_Low->Low(FXYD3, S100P) fires
        THEN class=Pheochromocytoma & Paraganglioma  (precision=0.132, recall=0.568, lift=7.18, support=0.079)
  R4. IF BIR_Low->Low(ESRP1, PVRL4) fires
        THEN class=Pheochromocytoma & Paraganglioma  (precision=0.132, recall=0.838, lift=7.17, support=0.117)
  R5. IF BIR_Low->Low(ESRP1, RNF223) fires
        THEN class=Pheochromocytoma & Paraganglioma  (precision=0.131, recall=0.946, lift=7.12, support=0.133)

Class: Prostate Adenocarcinoma
------------------------------------------------------------
  R1. IF BIR_High->High(RPS4Y1, TXLNGY) fires
        THEN class=Prostate Adenocarcinoma  (precision=0.546, recall=0.591, lift=9.99, support=0.059)
  R2. IF BIR_Low->Low(RAB25, S100A14) fires
        THEN class=Prostate Adenocarcinoma  (precision=0.356, recall=0.873, lift=6.50, support=0.134)
  R3. IF BIR_High->High(RPS4Y1, TTTY14) fires
        THEN class=Prostate Adenocarcinoma  (precision=0.345, recall=0.736, lift=6.30, support=0.117)
  R4. IF BIR_High->High(RPS4Y1, EIF1AY) fires
        THEN class=Prostate Adenocarcinoma  (precision=0.327, recall=0.591, lift=5.97, support=0.099)
  R5. IF BIR_High->High(CEACAM5, C1orf116) fires
        THEN class=Prostate Adenocarcinoma  (precision=0.305, recall=0.964, lift=5.57, support=0.173)

Class: Rectum Adenocarcinoma
------------------------------------------------------------
  R1. IF BIR_High->High(CEACAM5, CEACAM6) fires
        THEN class=Rectum Adenocarcinoma  (precision=0.087, recall=0.650, lift=8.71, support=0.075)
  R2. IF BIR_High->High(AGR2, EPCAM) fires
        THEN class=Rectum Adenocarcinoma  (precision=0.081, recall=1.000, lift=8.11, support=0.123)
  R3. IF BIR_High->High(CEACAM5, OVOL2) fires
        THEN class=Rectum Adenocarcinoma  (precision=0.061, recall=0.950, lift=6.14, support=0.155)
  R4. IF BIR_High->High(CEACAM7, GRHL2) fires
        THEN class=Rectum Adenocarcinoma  (precision=0.060, recall=0.750, lift=6.03, support=0.124)
  R5. IF BIR_High->High(LGALS4, RP11-595B24.2) fires
        THEN class=Rectum Adenocarcinoma  (precision=0.059, recall=1.000, lift=5.90, support=0.170)

Class: Sarcoma
------------------------------------------------------------
  R1. IF BIR_Low->Low(EPCAM, PVRL4) fires
        THEN class=Sarcoma  (precision=0.179, recall=0.736, lift=6.79, support=0.108)
  R2. IF BIR_Low->Low(LAD1, TMPRSS2) fires
        THEN class=Sarcoma  (precision=0.149, recall=0.962, lift=5.64, support=0.171)
  R3. IF BIR_Low->Low(MAL2, KDF1) fires
        THEN class=Sarcoma  (precision=0.146, recall=0.943, lift=5.53, support=0.171)
  R4. IF BIR_Low->Low(LAD1, ELF3) fires
        THEN class=Sarcoma  (precision=0.142, recall=0.981, lift=5.41, support=0.182)
  R5. IF BIR_Low->Low(RP4-568C11.4, SFN) fires
        THEN class=Sarcoma  (precision=0.142, recall=0.736, lift=5.40, support=0.136)

Class: Skin Cutaneous Melanoma
------------------------------------------------------------
  R1. IF BIR_Low->Low(EPCAM, PVRL4) fires
        THEN class=Skin Cutaneous Melanoma  (precision=0.344, recall=0.798, lift=7.36, support=0.108)
  R2. IF BIR_Low->Low(PRR15L, FAM3B) fires
        THEN class=Skin Cutaneous Melanoma  (precision=0.278, recall=0.574, lift=5.95, support=0.096)
  R3. IF BIR_Low->Low(PRSS8, C1orf116) fires
        THEN class=Skin Cutaneous Melanoma  (precision=0.276, recall=0.596, lift=5.90, support=0.101)
  R4. IF BIR_Low->Low(RAB25, MISP) fires
        THEN class=Skin Cutaneous Melanoma  (precision=0.270, recall=0.798, lift=5.77, support=0.138)
  R5. IF BIR_Low->Low(EPCAM, OVOL1) fires
        THEN class=Skin Cutaneous Melanoma  (precision=0.262, recall=0.798, lift=5.61, support=0.142)

Class: Stomach Adenocarcinoma
------------------------------------------------------------
  R1. IF BIR_High->High(MIR3648-1, MIR3648-2) fires
        THEN class=Stomach Adenocarcinoma  (precision=0.277, recall=0.911, lift=6.19, support=0.147)
  R2. IF BIR_High->High(CEACAM5, AGR2) fires
        THEN class=Stomach Adenocarcinoma  (precision=0.269, recall=0.544, lift=6.02, support=0.091)
  R3. IF BIR_High->High(LGALS4, RP11-595B24.2) fires
        THEN class=Stomach Adenocarcinoma  (precision=0.243, recall=0.922, lift=5.44, support=0.170)
  R4. IF BIR_High->High(LGALS4, TRIM10) fires
        THEN class=Stomach Adenocarcinoma  (precision=0.196, recall=0.922, lift=4.37, support=0.211)
  R5. IF BIR_High->High(CLRN3, AC021218.2) fires
        THEN class=Stomach Adenocarcinoma  (precision=0.194, recall=0.900, lift=4.33, support=0.208)

Class: Testicular Germ Cell Tumor
------------------------------------------------------------
  R1. IF BIR_Low->Low(U47924.27, ALDH3B2) fires
        THEN class=Testicular Germ Cell Tumor  (precision=0.086, recall=0.710, lift=5.57, support=0.127)
  R2. IF BIR_High->High(UTY, TTTY15) fires
        THEN class=Testicular Germ Cell Tumor  (precision=0.072, recall=0.839, lift=4.66, support=0.180)
  R3. IF BIR_Low->Low(OVOL2, PRR15L) fires
        THEN class=Testicular Germ Cell Tumor  (precision=0.070, recall=0.806, lift=4.56, support=0.177)
  R4. IF BIR_High->High(XAGE1A, XAGE1B) fires
        THEN class=Testicular Germ Cell Tumor  (precision=0.070, recall=0.677, lift=4.54, support=0.149)
  R5. IF BIR_High->High(ALPPL2, ALPP) fires
        THEN class=Testicular Germ Cell Tumor  (precision=0.065, recall=0.968, lift=4.21, support=0.230)

Class: Thymoma
------------------------------------------------------------
  R1. IF BIR_Low->Low(CLDN4, ITGB6) fires
        THEN class=Thymoma  (precision=0.072, recall=0.375, lift=6.03, support=0.062)
  R2. IF BIR_Low->Low(RP11-465B22.8, SLC5A1) fires
        THEN class=Thymoma  (precision=0.060, recall=0.917, lift=5.06, support=0.181)
  R3. IF BIR_High->High(CALML3, RNASE7) fires
        THEN class=Thymoma  (precision=0.059, recall=1.000, lift=4.92, support=0.203)
  R4. IF BIR_High->High(KRT5, FOXN1) fires
        THEN class=Thymoma  (precision=0.058, recall=0.958, lift=4.88, support=0.196)
  R5. IF BIR_Low->Low(GRHL2, SPDEF) fires
        THEN class=Thymoma  (precision=0.057, recall=0.833, lift=4.82, support=0.173)

Class: Thyroid Carcinoma
------------------------------------------------------------
  R1. IF BIR_Low->Low(U47924.27, ALDH3B2) fires
        THEN class=Thyroid Carcinoma  (precision=0.422, recall=0.947, lift=7.44, support=0.127)
  R2. IF BIR_High->High(SFTA3, RP11-896J10.3) fires
        THEN class=Thyroid Carcinoma  (precision=0.363, recall=1.000, lift=6.40, support=0.156)
  R3. IF BIR_High->High(SFTPB, NKX2-1-AS1) fires
        THEN class=Thyroid Carcinoma  (precision=0.351, recall=0.982, lift=6.19, support=0.159)
  R4. IF BIR_High->High(SFTPB, SFTA3) fires
        THEN class=Thyroid Carcinoma  (precision=0.348, recall=0.982, lift=6.14, support=0.160)
  R5. IF BIR_High->High(SFTA3, NKX2-1-AS1) fires
        THEN class=Thyroid Carcinoma  (precision=0.348, recall=1.000, lift=6.13, support=0.163)

Class: Uterine Corpus Endometrioid Carcinoma
------------------------------------------------------------
  R1. IF BIR_High->High(EMX2, EMX2OS) fires
        THEN class=Uterine Corpus Endometrioid Carcinoma  (precision=0.073, recall=0.951, lift=3.60, support=0.265)
  R2. IF BIR_High->High(ALPPL2, ALPP) fires
        THEN class=Uterine Corpus Endometrioid Carcinoma  (precision=0.069, recall=0.780, lift=3.40, support=0.230)
  R3. IF BIR_Low->Low(PRSS22, TMPRSS11E) fires
        THEN class=Uterine Corpus Endometrioid Carcinoma  (precision=0.063, recall=0.659, lift=3.07, support=0.214)
  R4. IF BIR_Low->Low(RPS4Y1, RP11-115H13.1) fires
        THEN class=Uterine Corpus Endometrioid Carcinoma  (precision=0.061, recall=0.780, lift=3.00, support=0.261)
  R5. IF BIR_Low->Low(RPS4Y1, TBL1Y) fires
        THEN class=Uterine Corpus Endometrioid Carcinoma  (precision=0.061, recall=0.780, lift=3.00, support=0.261)
14:04:33 [INFO] 
--- Per-Instance Explanation (DRM-style, test sample 0) ---
14:04:33 [INFO]   Predicted: Head & Neck Squamous Cell Carcinoma  (true: Head & Neck Squamous Cell Carcinoma)
14:04:33 [INFO]   Probabilities: Acute Myeloid Leukemia=0.000, Bladder Urothelial Carcinoma=0.000, Brain Lower Grade Glioma=0.000, Breast Invasive Carcinoma=0.000, Cervical & Endocervical Cancer=0.000, Colon Adenocarcinoma=0.000, Esophageal Carcinoma=0.001, Glioblastoma Multiforme=0.000, Head & Neck Squamous Cell Carcinoma=0.999, Kidney Clear Cell Carcinoma=0.000, Kidney Papillary Cell Carcinoma=0.000, Liver Hepatocellular Carcinoma=0.000, Lung Adenocarcinoma=0.000, Lung Squamous Cell Carcinoma=0.000, Ovarian Serous Cystadenocarcinoma=0.000, Pancreatic Adenocarcinoma=0.000, Pheochromocytoma & Paraganglioma=0.000, Prostate Adenocarcinoma=0.000, Rectum Adenocarcinoma=0.000, Sarcoma=0.000, Skin Cutaneous Melanoma=0.000, Stomach Adenocarcinoma=0.000, Testicular Germ Cell Tumor=0.000, Thymoma=0.000, Thyroid Carcinoma=0.000, Uterine Corpus Endometrioid Carcinoma=0.000
14:04:33 [INFO]   Rules fired: 2332/5000
14:04:33 [INFO]   Top 5 contributing rules:
14:04:33 [INFO]     [FIRED] BIR_Low->Low(RAB25, C9orf152) fires                           act=3.460  contrib=16.595
14:04:33 [INFO]     [FIRED] BIR_High->High(KRT6B, KLK8) fires                             act=2.981  contrib=11.749
14:04:33 [INFO]     [FIRED] BIR_High->High(FAM83C, GJB3) fires                            act=2.751  contrib=11.489
14:04:33 [INFO]     [FIRED] BIR_High->High(SERPINB13, PGLYRP3) fires                      act=2.563  contrib=11.287
14:04:33 [INFO]     [FIRED] BIR_High->High(IVL, KRT78) fires                              act=2.580  contrib=11.179
14:04:33 [INFO] 
--- Per-Instance LRP Explanation Tree (test sample 0) ---
14:04:33 [INFO]   Target class: Head & Neck Squamous Cell Carcinoma (true: Head & Neck Squamous Cell Carcinoma)
14:04:33 [INFO] - Predicted class: Head & Neck Squamous Cell Carcinoma  [R=+12.8496  val=12.850]
  - dense_0[55]  [R=+2.3187  contrib=+2.3187]
    - BIR_High->High(AGR2, feat_3463)  [R=+0.1783  contrib=+0.0470]
      - BIR_High->High(KRT14, SERPINB5)  [R=+0.2381  contrib=+0.2381]
        - input: KRT14  [R=+0.4949  contrib=+0.4949  val=2.199]
        - input: SERPINB5  [R=+0.7805  contrib=-0.2754  val=1.616]
      - BIR_High->High(KRT6A, KRT16)  [R=+0.3574  contrib=-0.0021]
        - input: KRT16  [R=+1.4490  contrib=+1.9592  val=2.281]
        - input: KRT6A  [R=+0.6494  contrib=+0.8228  val=2.041]
    - BIR_High->Low(AGR2, feat_3022)  [R=+0.1034  contrib=+0.0371]
      - BIR_High->High(KRT6A, KRT16)  [R=+0.3574  contrib=+0.0620]
        - input: KRT16  [R=+1.4490  contrib=+1.9592  val=2.281]
        - input: KRT6A  [R=+0.6494  contrib=+0.8228  val=2.041]
  - dense_0[34]  [R=+2.0685  contrib=+2.0685]
    - BIR_High->High(AGR2, feat_3191)  [R=+0.1005  contrib=+0.0794]
      - BIR_High->High(KRT6B, KRT15)  [R=+0.1200  contrib=+0.1200]
        - input: KRT6B  [R=+0.1979  contrib=+0.1173  val=2.358]
        - input: KRT15  [R=+0.4083  contrib=+0.0554  val=0.991]
      - BIR_High->High(KRT6A, KRT16)  [R=+0.3574  contrib=+0.0010]
        - input: KRT16  [R=+1.4490  contrib=+1.9592  val=2.281]
        - input: KRT6A  [R=+0.6494  contrib=+0.8228  val=2.041]
    - BIR_High->High(AGR2, feat_3463)  [R=+0.1783  contrib=+0.0767]
      - BIR_High->High(KRT14, SERPINB5)  [R=+0.2381  contrib=+0.2381]
        - input: KRT14  [R=+0.4949  contrib=+0.4949  val=2.199]
        - input: SERPINB5  [R=+0.7805  contrib=-0.2754  val=1.616]
      - BIR_High->High(KRT6A, KRT16)  [R=+0.3574  contrib=-0.0021]
        - input: KRT16  [R=+1.4490  contrib=+1.9592  val=2.281]
        - input: KRT6A  [R=+0.6494  contrib=+0.8228  val=2.041]
14:04:33 [INFO] 
  Note: tree truncated at depth 4. Full tree available via tree_to_dict() for offline analysis.
